<?xml version='1.0' encoding='UTF-8'?>
<testsuite hostname="Szes-MacBook-Pro.local" name="ziomicroservices.challenge.controller.ChallengeControllerTest" tests="4" errors="0" failures="0" skipped="0" time="0.706" timestamp="2024-09-21T21:06:10">
          <properties>
      <property name="java.specification.version" value="21"/><property name="sun.jnu.encoding" value="UTF-8"/><property name="sun.arch.data.model" value="64"/><property name="java.vendor.url" value="https://adoptium.net/"/><property name="sun.boot.library.path" value="/Users/szekai/.sdkman/candidates/java/21.0.4-tem/lib"/><property name="sun.java.command" value="/Users/szekai/.sdkman/candidates/sbt/1.10.1/bin/sbt-launch.jar test"/><property name="jdk.debug" value="release"/><property name="java.specification.vendor" value="Oracle Corporation"/><property name="java.version.date" value="2024-07-16"/><property name="java.home" value="/Users/szekai/.sdkman/candidates/java/21.0.4-tem"/><property name="file.separator" value="/"/><property name="java.vm.compressedOopsMode" value="Zero based"/><property name="line.separator" value="
"/><property name="java.vm.specification.vendor" value="Oracle Corporation"/><property name="java.specification.name" value="Java Platform API Specification"/><property name="sun.management.compiler" value="HotSpot 64-Bit Tiered Compilers"/><property name="java.runtime.version" value="21.0.4+7-LTS"/><property name="user.name" value="szekai"/><property name="log4j.ignoreTCL" value="true"/><property name="file.encoding" value="UTF-8"/><property name="java.vendor.version" value="Temurin-21.0.4+7"/><property name="java.io.tmpdir" value="/var/folders/qs/2_gd9wwn2qs33qlgmdwyndkc0000gn/T/"/><property name="java.version" value="21.0.4"/><property name="java.vm.specification.name" value="Java Virtual Machine Specification"/><property name="native.encoding" value="UTF-8"/><property name="java.library.path" value="/Users/szekai/Library/Java/Extensions:/Library/Java/Extensions:/Network/Library/Java/Extensions:/System/Library/Java/Extensions:/usr/lib/java:."/><property name="stderr.encoding" value="UTF-8"/><property name="java.vendor" value="Eclipse Adoptium"/><property name="scala.ext.dirs" value="/Users/szekai/.sbt/1.0/java9-rt-ext-eclipse_adoptium_21_0_4"/><property name="sun.io.unicode.encoding" value="UnicodeBig"/><property name="socksNonProxyHosts" value="local|*.local|169.254/16|*.169.254/16"/><property name="java.class.path" value="/Users/szekai/.sdkman/candidates/sbt/1.10.1/bin/sbt-launch.jar"/><property name="java.vm.vendor" value="Eclipse Adoptium"/><property name="jline.shutdownhook" value="false"/><property name="user.timezone" value="Asia/Kuala_Lumpur"/><property name="java.vm.specification.version" value="21"/><property name="os.name" value="Mac OS X"/><property name="sun.java.launcher" value="SUN_STANDARD"/><property name="user.country" value="MY"/><property name="http.nonProxyHosts" value="local|*.local|169.254/16|*.169.254/16"/><property name="sun.cpu.endian" value="little"/><property name="user.home" value="/Users/szekai"/><property name="user.language" value="en"/><property name="sbt.script" value="/Users/szekai/.sdkman/candidates/sbt/current/bin/sbt"/><property name="sbt.ipcsocket.tmpdir" value="/var/folders/qs/2_gd9wwn2qs33qlgmdwyndkc0000gn/T/.sbtf622e8c7/ipcsocket"/><property name="swoval.tmpdir" value="/var/folders/qs/2_gd9wwn2qs33qlgmdwyndkc0000gn/T/.sbtf622e8c7/swoval"/><property name="apple.awt.application.name" value="Boot"/><property name="jline.esc.timeout" value="0"/><property name="ftp.nonProxyHosts" value="local|*.local|169.254/16|*.169.254/16"/><property name="stdout.encoding" value="UTF-8"/><property name="path.separator" value=":"/><property name="os.version" value="15.0"/><property name="jna.nosys" value="true"/><property name="java.runtime.name" value="OpenJDK Runtime Environment"/><property name="java.vm.name" value="OpenJDK 64-Bit Server VM"/><property name="java.vendor.url.bug" value="https://github.com/adoptium/adoptium-support/issues"/><property name="user.dir" value="/Users/szekai/Projects/scala/ziomicroservices"/><property name="os.arch" value="aarch64"/><property name="java.vm.info" value="mixed mode"/><property name="java.vm.version" value="21.0.4+7-LTS"/><property name="java.class.version" value="65.0"/>
    </properties>
          <testcase classname="ziomicroservices.challenge.controller.ChallengeControllerTest" name="Test Challenge Controller - Controller should return False when validating challenge attempt" time="0.162">
                      
                    </testcase><testcase classname="ziomicroservices.challenge.controller.ChallengeControllerTest" name="Test Challenge Controller - Get result of a previous attempt" time="0.181">
                      
                    </testcase><testcase classname="ziomicroservices.challenge.controller.ChallengeControllerTest" name="Test Challenge Controller - Controller should return True when validating challenge attempt" time="0.175">
                      
                    </testcase><testcase classname="ziomicroservices.challenge.controller.ChallengeControllerTest" name="Test Challenge Controller - Get attempts of users" time="0.188">
                      
                    </testcase>
          <system-out><![CDATA[]]></system-out>
          <system-err><![CDATA[]]></system-err>
        </testsuite>